<?xml version="1.0" encoding="UTF-8"?>
<!-- Generated by org.testng.reporters.JUnitXMLReporter -->
<testsuite hostname="DESKTOP-MCCRJ8V" ignored="2" name="Default test(failed)" tests="1" failures="1" timestamp="19 Dec 2021 15:59:20 GMT" time="6.849" errors="0">
  <testcase name="tc3" time="0.02" classname="org.testng.Task10">
    <failure type="java.lang.AssertionError" message="Test case Failed expected [true] but found [false]">
      <![CDATA[java.lang.AssertionError: Test case Failed expected [true] but found [false]
... Removed 29 stack frames]]>
    </failure>
  </testcase> <!-- tc3 -->
  <testcase name="tc2" time="0.0" classname="org.testng.Task10">
    <ignored/>
  </testcase> <!-- tc2 -->
  <testcase name="tc1" time="0.0" classname="org.testng.Task10">
    <ignored/>
  </testcase> <!-- tc1 -->
</testsuite> <!-- Default test(failed) -->
